# JRE version: OpenJDK Runtime Environment (21.0.9) (build 21.0.9+-14649483-b1163.86)
# Java VM: OpenJDK 64-Bit Server VM (21.0.9+-14649483-b1163.86, mixed mode, tiered, compressed oops, compressed class ptrs, g1 gc, windows-amd64)
GC Precious Log:
 CardTable entry size: 512
 Card Set container configuration: InlinePtr #cards 5 size 8 Array Of Cards #cards 12 size 40 Howl #buckets 4 coarsen threshold 1843 Howl Bitmap #cards 512 size 80 coarsen threshold 460 Card regions per heap region 1 cards per card region 2048
 CPUs: 8 total, 8 available
 Memory: 32490M
 Large Page Support: Disabled
 NUMA Support: Disabled
 Compressed Oops: Enabled (32-bit)
 Heap Region Size: 1M
 Heap Min Capacity: 8M
 Heap Initial Capacity: 508M
 Heap Max Capacity: 2G
 Pre-touch: Disabled
 Parallel Workers: 8
 Concurrent Workers: 2
 Concurrent Refinement Workers: 8
 Periodic GC: Disabled
Heap:
 garbage-first heap   total 289792K, used 232383K [0x0000000080000000, 0x0000000100000000)
  region size 1024K, 82 young (83968K), 14 survivors (14336K)
 Metaspace       used 141028K, committed 143360K, reserved 1179648K
  class space    used 19397K, committed 20544K, reserved 1048576K
GC Heap History (20 events):
Event: 8.659 GC heap before
{Heap before GC invocations=18 (full 0):
 garbage-first heap   total 264192K, used 244833K [0x0000000080000000, 0x0000000100000000)
  region size 1024K, 144 young (147456K), 18 survivors (18432K)
 Metaspace       used 95942K, committed 97984K, reserved 1179648K
  class space    used 13306K, committed 14272K, reserved 1048576K
}
Event: 8.668 GC heap after
{Heap after GC invocations=19 (full 0):
 garbage-first heap   total 274432K, used 123814K [0x0000000080000000, 0x0000000100000000)
  region size 1024K, 8 young (8192K), 8 survivors (8192K)
 Metaspace       used 95942K, committed 97984K, reserved 1179648K
  class space    used 13306K, committed 14272K, reserved 1048576K
}
Event: 9.294 GC heap before
{Heap before GC invocations=19 (full 0):
 garbage-first heap   total 274432K, used 212902K [0x0000000080000000, 0x0000000100000000)
  region size 1024K, 96 young (98304K), 8 survivors (8192K)
 Metaspace       used 99372K, committed 101440K, reserved 1179648K
  class space    used 13783K, committed 14784K, reserved 1048576K
}
Event: 9.299 GC heap after
{Heap after GC invocations=20 (full 0):
 garbage-first heap   total 274432K, used 127028K [0x0000000080000000, 0x0000000100000000)
  region size 1024K, 11 young (11264K), 11 survivors (11264K)
 Metaspace       used 99372K, committed 101440K, reserved 1179648K
  class space    used 13783K, committed 14784K, reserved 1048576K
}
Event: 10.138 GC heap before
{Heap before GC invocations=21 (full 0):
 garbage-first heap   total 274432K, used 256052K [0x0000000080000000, 0x0000000100000000)
  region size 1024K, 134 young (137216K), 11 survivors (11264K)
 Metaspace       used 107801K, committed 109888K, reserved 1179648K
  class space    used 15185K, committed 16192K, reserved 1048576K
}
Event: 10.144 GC heap after
{Heap after GC invocations=22 (full 0):
 garbage-first heap   total 274432K, used 133253K [0x0000000080000000, 0x0000000100000000)
  region size 1024K, 8 young (8192K), 8 survivors (8192K)
 Metaspace       used 107801K, committed 109888K, reserved 1179648K
  class space    used 15185K, committed 16192K, reserved 1048576K
}
Event: 11.125 GC heap before
{Heap before GC invocations=22 (full 0):
 garbage-first heap   total 274432K, used 255109K [0x0000000080000000, 0x0000000100000000)
  region size 1024K, 128 young (131072K), 8 survivors (8192K)
 Metaspace       used 112710K, committed 114880K, reserved 1179648K
  class space    used 15919K, committed 17024K, reserved 1048576K
}
Event: 11.132 GC heap after
{Heap after GC invocations=23 (full 0):
 garbage-first heap   total 274432K, used 137670K [0x0000000080000000, 0x0000000100000000)
  region size 1024K, 13 young (13312K), 13 survivors (13312K)
 Metaspace       used 112710K, committed 114880K, reserved 1179648K
  class space    used 15919K, committed 17024K, reserved 1048576K
}
Event: 12.124 GC heap before
{Heap before GC invocations=23 (full 0):
 garbage-first heap   total 274432K, used 257478K [0x0000000080000000, 0x0000000100000000)
  region size 1024K, 130 young (133120K), 13 survivors (13312K)
 Metaspace       used 112745K, committed 115008K, reserved 1179648K
  class space    used 15926K, committed 17024K, reserved 1048576K
}
Event: 12.131 GC heap after
{Heap after GC invocations=24 (full 0):
 garbage-first heap   total 276480K, used 141631K [0x0000000080000000, 0x0000000100000000)
  region size 1024K, 10 young (10240K), 10 survivors (10240K)
 Metaspace       used 112745K, committed 115008K, reserved 1179648K
  class space    used 15926K, committed 17024K, reserved 1048576K
}
Event: 12.983 GC heap before
{Heap before GC invocations=25 (full 0):
 garbage-first heap   total 276480K, used 258367K [0x0000000080000000, 0x0000000100000000)
  region size 1024K, 124 young (126976K), 10 survivors (10240K)
 Metaspace       used 112748K, committed 115008K, reserved 1179648K
  class space    used 15927K, committed 17024K, reserved 1048576K
}
Event: 12.989 GC heap after
{Heap after GC invocations=26 (full 0):
 garbage-first heap   total 276480K, used 145778K [0x0000000080000000, 0x0000000100000000)
  region size 1024K, 9 young (9216K), 9 survivors (9216K)
 Metaspace       used 112748K, committed 115008K, reserved 1179648K
  class space    used 15927K, committed 17024K, reserved 1048576K
}
Event: 13.843 GC heap before
{Heap before GC invocations=26 (full 0):
 garbage-first heap   total 276480K, used 261490K [0x0000000080000000, 0x0000000100000000)
  region size 1024K, 121 young (123904K), 9 survivors (9216K)
 Metaspace       used 122888K, committed 125184K, reserved 1179648K
  class space    used 17275K, committed 18432K, reserved 1048576K
}
Event: 13.849 GC heap after
{Heap after GC invocations=27 (full 0):
 garbage-first heap   total 278528K, used 149794K [0x0000000080000000, 0x0000000100000000)
  region size 1024K, 13 young (13312K), 13 survivors (13312K)
 Metaspace       used 122888K, committed 125184K, reserved 1179648K
  class space    used 17275K, committed 18432K, reserved 1048576K
}
Event: 14.156 GC heap before
{Heap before GC invocations=27 (full 0):
 garbage-first heap   total 278528K, used 183586K [0x0000000080000000, 0x0000000100000000)
  region size 1024K, 48 young (49152K), 13 survivors (13312K)
 Metaspace       used 126636K, committed 128896K, reserved 1179648K
  class space    used 17722K, committed 18816K, reserved 1048576K
}
Event: 14.162 GC heap after
{Heap after GC invocations=28 (full 0):
 garbage-first heap   total 278528K, used 153708K [0x0000000080000000, 0x0000000100000000)
  region size 1024K, 9 young (9216K), 9 survivors (9216K)
 Metaspace       used 126636K, committed 128896K, reserved 1179648K
  class space    used 17722K, committed 18816K, reserved 1048576K
}
Event: 15.029 GC heap before
{Heap before GC invocations=29 (full 0):
 garbage-first heap   total 278528K, used 266348K [0x0000000080000000, 0x0000000100000000)
  region size 1024K, 115 young (117760K), 9 survivors (9216K)
 Metaspace       used 129037K, committed 131328K, reserved 1179648K
  class space    used 17903K, committed 19008K, reserved 1048576K
}
Event: 15.037 GC heap after
{Heap after GC invocations=30 (full 0):
 garbage-first heap   total 283648K, used 160028K [0x0000000080000000, 0x0000000100000000)
  region size 1024K, 15 young (15360K), 15 survivors (15360K)
 Metaspace       used 129037K, committed 131328K, reserved 1179648K
  class space    used 17903K, committed 19008K, reserved 1048576K
}
Event: 15.600 GC heap before
{Heap before GC invocations=30 (full 0):
 garbage-first heap   total 283648K, used 265500K [0x0000000080000000, 0x0000000100000000)
  region size 1024K, 119 young (121856K), 15 survivors (15360K)
 Metaspace       used 130441K, committed 132800K, reserved 1179648K
  class space    used 18075K, committed 19200K, reserved 1048576K
}
Event: 15.610 GC heap after
{Heap after GC invocations=31 (full 0):
 garbage-first heap   total 289792K, used 164799K [0x0000000080000000, 0x0000000100000000)
  region size 1024K, 14 young (14336K), 14 survivors (14336K)
 Metaspace       used 130441K, committed 132800K, reserved 1179648K
  class space    used 18075K, committed 19200K, reserved 1048576K
}

